Arguments: 
  /opt/node-v12.18.0-linux-x64/bin/node /usr/bin/yarn start

PATH: 
  /home/rpokorny/perl5/bin:/home/rpokorny/.local/bin:/usr/local/sbin:/usr/local/bin:/usr/bin:/usr/lib/jvm/default/bin:/usr/bin/site_perl:/usr/bin/vendor_perl:/usr/bin/core_perl

Yarn version: 
  1.22.10

Node version: 
  12.18.0

Platform: 
  linux x64

Trace: 
  SyntaxError: /home/rpokorny/Documents/webpack-link-bug/app/package.json: Unexpected string in JSON at position 204
      at JSON.parse (<anonymous>)
      at /usr/lib/node_modules/yarn/lib/cli.js:1625:59
      at Generator.next (<anonymous>)
      at step (/usr/lib/node_modules/yarn/lib/cli.js:310:30)
      at /usr/lib/node_modules/yarn/lib/cli.js:321:13

npm manifest: 
  {
    "name": "app",
    "version": "1.0.0",
    "description": "This module depends on dep and has a webpack build",
    "main": "index.js",
    "license": "MIT",
    "scripts": {
      "start": "webpack serve"
    }
    "dependencies": {
      "dep": "link:../dep"
    }
  }

yarn manifest: 
  No manifest

Lockfile: 
  # THIS IS AN AUTOGENERATED FILE. DO NOT EDIT THIS FILE DIRECTLY.
  # yarn lockfile v1
  
  
  "dep@link:../dep":
    version "0.0.0"
    uid ""
